This is pdfTeX, Version 3.141592653-2.6-1.40.27 (TeX Live 2025) (preloaded format=pdflatex 2025.3.8)  8 SEP 2025 12:12
entering extended mode
 restricted \write18 enabled.
 %&-line parsing enabled.
**RegExpressions.tex
(./RegExpressions.tex
LaTeX2e <2024-11-01> patch level 2
L3 programming layer <2025-01-18>
(/usr/local/texlive/2025basic/texmf-dist/tex/latex/base/article.cls
Document Class: article 2024/06/29 v1.4n Standard LaTeX document class
(/usr/local/texlive/2025basic/texmf-dist/tex/latex/base/size11.clo
File: size11.clo 2024/06/29 v1.4n Standard LaTeX file (size option)
)
\c@part=\count196
\c@section=\count197
\c@subsection=\count198
\c@subsubsection=\count199
\c@paragraph=\count266
\c@subparagraph=\count267
\c@figure=\count268
\c@table=\count269
\abovecaptionskip=\skip49
\belowcaptionskip=\skip50
\bibindent=\dimen141
)
(/usr/local/texlive/2025basic/texmf-dist/tex/latex/wrapfig/wrapfig.sty
\wrapoverhang=\dimen142
\WF@size=\dimen143
\c@WF@wrappedlines=\count270
\WF@box=\box52
\WF@everypar=\toks17
Package: wrapfig 2003/01/31  v 3.6
)
(/usr/local/texlive/2025basic/texmf-dist/tex/latex/graphics/epsfig.sty
Package: epsfig 2024/01/14 v1.7b (e)psfig emulation (SPQR)

(/usr/local/texlive/2025basic/texmf-dist/tex/latex/graphics/graphicx.sty
Package: graphicx 2021/09/16 v1.2d Enhanced LaTeX Graphics (DPC,SPQR)

(/usr/local/texlive/2025basic/texmf-dist/tex/latex/graphics/keyval.sty
Package: keyval 2022/05/29 v1.15 key=value parser (DPC)
\KV@toks@=\toks18
)
(/usr/local/texlive/2025basic/texmf-dist/tex/latex/graphics/graphics.sty
Package: graphics 2024/08/06 v1.4g Standard LaTeX Graphics (DPC,SPQR)

(/usr/local/texlive/2025basic/texmf-dist/tex/latex/graphics/trig.sty
Package: trig 2023/12/02 v1.11 sin cos tan (DPC)
)
(/usr/local/texlive/2025basic/texmf-dist/tex/latex/graphics-cfg/graphics.cfg
File: graphics.cfg 2016/06/04 v1.11 sample graphics configuration
)
Package graphics Info: Driver file: pdftex.def on input line 106.

(/usr/local/texlive/2025basic/texmf-dist/tex/latex/graphics-def/pdftex.def
File: pdftex.def 2024/04/13 v1.2c Graphics/color driver for pdftex
))
\Gin@req@height=\dimen144
\Gin@req@width=\dimen145
)
\epsfxsize=\dimen146
\epsfysize=\dimen147
)
(/usr/local/texlive/2025basic/texmf-dist/tex/latex/l3backend/l3backend-pdftex.d
ef
File: l3backend-pdftex.def 2024-05-08 L3 backend support: PDF output (pdfTeX)
\l__color_backend_stack_int=\count271
\l__pdf_internal_box=\box53
) (./RegExpressions.aux)
\openout1 = `RegExpressions.aux'.

LaTeX Font Info:    Checking defaults for OML/cmm/m/it on input line 14.
LaTeX Font Info:    ... okay on input line 14.
LaTeX Font Info:    Checking defaults for OMS/cmsy/m/n on input line 14.
LaTeX Font Info:    ... okay on input line 14.
LaTeX Font Info:    Checking defaults for OT1/cmr/m/n on input line 14.
LaTeX Font Info:    ... okay on input line 14.
LaTeX Font Info:    Checking defaults for T1/cmr/m/n on input line 14.
LaTeX Font Info:    ... okay on input line 14.
LaTeX Font Info:    Checking defaults for TS1/cmr/m/n on input line 14.
LaTeX Font Info:    ... okay on input line 14.
LaTeX Font Info:    Checking defaults for OMX/cmex/m/n on input line 14.
LaTeX Font Info:    ... okay on input line 14.
LaTeX Font Info:    Checking defaults for U/cmr/m/n on input line 14.
LaTeX Font Info:    ... okay on input line 14.

(/usr/local/texlive/2025basic/texmf-dist/tex/context/base/mkii/supp-pdf.mkii
[Loading MPS to PDF converter (version 2006.09.02).]
\scratchcounter=\count272
\scratchdimen=\dimen148
\scratchbox=\box54
\nofMPsegments=\count273
\nofMParguments=\count274
\everyMPshowfont=\toks19
\MPscratchCnt=\count275
\MPscratchDim=\dimen149
\MPnumerator=\count276
\makeMPintoPDFobject=\count277
\everyMPtoPDFconversion=\toks20
)
(/usr/local/texlive/2025basic/texmf-dist/tex/latex/epstopdf-pkg/epstopdf-base.s
ty
Package: epstopdf-base 2020-01-24 v2.11 Base part for package epstopdf
Package epstopdf-base Info: Redefining graphics rule for `.eps' on input line 4
85.

(/usr/local/texlive/2025basic/texmf-dist/tex/latex/latexconfig/epstopdf-sys.cfg
File: epstopdf-sys.cfg 2010/07/13 v1.3 Configuration of (r)epstopdf for TeX Liv
e
))
<regex.jpeg, id=1, 602.25pt x 403.5075pt>
File: regex.jpeg Graphic file (type jpg)
<use regex.jpeg>
Package pdftex.def Info: regex.jpeg  used on input line 22.
(pdftex.def)             Requested size: 216.81pt x 145.26259pt.


[1

{/usr/local/texlive/2025basic/texmf-var/fonts/map/pdftex/updmap/pdftex.map}{/us
r/local/texlive/2025basic/texmf-dist/fonts/enc/dvips/cm-super/cm-super-ts1.enc}
 <./regex.jpeg>]
LaTeX Font Info:    External font `cmex10' loaded for size
(Font)              <10.95> on input line 64.
LaTeX Font Info:    External font `cmex10' loaded for size
(Font)              <8> on input line 64.
LaTeX Font Info:    External font `cmex10' loaded for size
(Font)              <6> on input line 64.


[2]
Underfull \hbox (badness 10000) in paragraph at lines 121--121
[]\OT1/cmtt/m/n/10.95 aadaUaaadaUaaadaa
 []


Underfull \hbox (badness 10000) in paragraph at lines 121--121
\OT1/cmtt/m/n/10.95 5
 []


Underfull \hbox (badness 10000) in paragraph at lines 121--121
\OT1/cmtt/m/n/10.95 mrf8t
 []


Underfull \hbox (badness 10000) in paragraph at lines 121--121
\OT1/cmtt/m/n/10.95 mk5sc
 []


Underfull \hbox (badness 10000) in paragraph at lines 121--121
\OT1/cmtt/m/n/10.95 lab2d
 []


Underfull \hbox (badness 10000) in paragraph at lines 121--121
\OT1/cmtt/m/n/10.95 bea3ch
 []


Underfull \hbox (badness 10000) in paragraph at lines 121--121
[]\OT1/cmtt/m/n/10.95 (a)*dd(a)*
 []


Underfull \hbox (badness 10000) in paragraph at lines 121--121
\OT1/cmtt/m/n/10.95 4
 []


Underfull \hbox (badness 10000) in paragraph at lines 121--121
\OT1/cmtt/m/n/10.95 23
 []


Underfull \hbox (badness 10000) in paragraph at lines 121--121
\OT1/cmtt/m/n/10.95 a56
 []


Underfull \hbox (badness 10000) in paragraph at lines 121--121
\OT1/cmtt/m/n/10.95 bas98edd
 []


Underfull \hbox (badness 10000) in paragraph at lines 145--145
[]\OT1/cmtt/m/n/10.95 YES
 []


Underfull \hbox (badness 10000) in paragraph at lines 145--145
\OT1/cmtt/m/n/10.95 NO
 []


Underfull \hbox (badness 10000) in paragraph at lines 145--145
\OT1/cmtt/m/n/10.95 YES
 []


Underfull \hbox (badness 10000) in paragraph at lines 145--145
\OT1/cmtt/m/n/10.95 YES
 []


Underfull \hbox (badness 10000) in paragraph at lines 145--145
[]\OT1/cmtt/m/n/10.95 YES
 []


Underfull \hbox (badness 10000) in paragraph at lines 145--145
\OT1/cmtt/m/n/10.95 YES
 []


Underfull \hbox (badness 10000) in paragraph at lines 145--145
\OT1/cmtt/m/n/10.95 YES
 []



[3] (./RegExpressions.aux)
 ***********
LaTeX2e <2024-11-01> patch level 2
L3 programming layer <2025-01-18>
 ***********
 ) 
Here is how much of TeX's memory you used:
 1445 strings out of 474662
 23853 string characters out of 5751110
 414544 words of memory out of 5000000
 24513 multiletter control sequences out of 15000+600000
 563949 words of font info for 53 fonts, out of 8000000 for 9000
 319 hyphenation exceptions out of 8191
 72i,8n,79p,638b,208s stack positions out of 10000i,1000n,20000p,200000b,200000s
</usr/local/texlive/2025basic/texmf-dist/fonts/type1/public/amsfonts/cm/cmbx1
0.pfb></usr/local/texlive/2025basic/texmf-dist/fonts/type1/public/amsfonts/cm/c
mbx12.pfb></usr/local/texlive/2025basic/texmf-dist/fonts/type1/public/amsfonts/
cm/cmmi10.pfb></usr/local/texlive/2025basic/texmf-dist/fonts/type1/public/amsfo
nts/cm/cmr10.pfb></usr/local/texlive/2025basic/texmf-dist/fonts/type1/public/am
sfonts/cm/cmti10.pfb></usr/local/texlive/2025basic/texmf-dist/fonts/type1/publi
c/amsfonts/cm/cmtt10.pfb></usr/local/texlive/2025basic/texmf-dist/fonts/type1/p
ublic/cm-super/sfrm1095.pfb>
Output written on RegExpressions.pdf (3 pages, 136339 bytes).
PDF statistics:
 51 PDF objects out of 1000 (max. 8388607)
 30 compressed objects within 1 object stream
 0 named destinations out of 1000 (max. 500000)
 6 words of extra memory for PDF output out of 10000 (max. 10000000)

